D:\ASIA\DOCUMENTS\GITHUB\PIANINO\SZKIELET\DEBUG\MAIN_FILE.OBJ
D:\ASIA\DOCUMENTS\GITHUB\PIANINO\SZKIELET\DEBUG\TGA.OBJ
D:\ASIA\DOCUMENTS\GITHUB\PIANINO\SZKIELET\DEBUG\VC110.PDB
D:\ASIA\DOCUMENTS\GITHUB\PIANINO\SZKIELET\DEBUG\SZKIELET.ILK
D:\ASIA\DOCUMENTS\GITHUB\PIANINO\SZKIELET\DEBUG\SZKIELET.EXE
D:\ASIA\DOCUMENTS\GITHUB\PIANINO\SZKIELET\DEBUG\SZKIELET.PDB
D:\Asia\Documents\GitHub\Pianino\szkielet\Debug\main_file.obj
D:\Asia\Documents\GitHub\Pianino\szkielet\Debug\tga.obj
D:\Asia\Documents\GitHub\Pianino\szkielet\Debug\szkielet.ilk
D:\Asia\Documents\GitHub\Pianino\szkielet\Debug\cl.command.1.tlog
D:\Asia\Documents\GitHub\Pianino\szkielet\Debug\CL.read.1.tlog
D:\Asia\Documents\GitHub\Pianino\szkielet\Debug\CL.write.1.tlog
D:\Asia\Documents\GitHub\Pianino\szkielet\Debug\link-cvtres.read.1.tlog
D:\Asia\Documents\GitHub\Pianino\szkielet\Debug\link-cvtres.write.1.tlog
D:\Asia\Documents\GitHub\Pianino\szkielet\Debug\link-rc.read.1.tlog
D:\Asia\Documents\GitHub\Pianino\szkielet\Debug\link-rc.write.1.tlog
D:\Asia\Documents\GitHub\Pianino\szkielet\Debug\link.1132-cvtres.read.1.tlog
D:\Asia\Documents\GitHub\Pianino\szkielet\Debug\link.1132-cvtres.write.1.tlog
D:\Asia\Documents\GitHub\Pianino\szkielet\Debug\link.1132-rc.read.1.tlog
D:\Asia\Documents\GitHub\Pianino\szkielet\Debug\link.1132-rc.write.1.tlog
D:\Asia\Documents\GitHub\Pianino\szkielet\Debug\link.1132.read.1.tlog
D:\Asia\Documents\GitHub\Pianino\szkielet\Debug\link.1132.write.1.tlog
D:\Asia\Documents\GitHub\Pianino\szkielet\Debug\link.1196-cvtres.read.1.tlog
D:\Asia\Documents\GitHub\Pianino\szkielet\Debug\link.1196-cvtres.write.1.tlog
D:\Asia\Documents\GitHub\Pianino\szkielet\Debug\link.1196-rc.read.1.tlog
D:\Asia\Documents\GitHub\Pianino\szkielet\Debug\link.1196-rc.write.1.tlog
D:\Asia\Documents\GitHub\Pianino\szkielet\Debug\link.1196.read.1.tlog
D:\Asia\Documents\GitHub\Pianino\szkielet\Debug\link.1196.write.1.tlog
D:\Asia\Documents\GitHub\Pianino\szkielet\Debug\link.1256-cvtres.read.1.tlog
D:\Asia\Documents\GitHub\Pianino\szkielet\Debug\link.1256-cvtres.write.1.tlog
D:\Asia\Documents\GitHub\Pianino\szkielet\Debug\link.1256-rc.read.1.tlog
D:\Asia\Documents\GitHub\Pianino\szkielet\Debug\link.1256-rc.write.1.tlog
D:\Asia\Documents\GitHub\Pianino\szkielet\Debug\link.1256.read.1.tlog
D:\Asia\Documents\GitHub\Pianino\szkielet\Debug\link.1256.write.1.tlog
D:\Asia\Documents\GitHub\Pianino\szkielet\Debug\link.1464-cvtres.read.1.tlog
D:\Asia\Documents\GitHub\Pianino\szkielet\Debug\link.1464-cvtres.write.1.tlog
D:\Asia\Documents\GitHub\Pianino\szkielet\Debug\link.1464-rc.read.1.tlog
D:\Asia\Documents\GitHub\Pianino\szkielet\Debug\link.1464-rc.write.1.tlog
D:\Asia\Documents\GitHub\Pianino\szkielet\Debug\link.1464.read.1.tlog
D:\Asia\Documents\GitHub\Pianino\szkielet\Debug\link.1464.write.1.tlog
D:\Asia\Documents\GitHub\Pianino\szkielet\Debug\link.1476-cvtres.read.1.tlog
D:\Asia\Documents\GitHub\Pianino\szkielet\Debug\link.1476-cvtres.write.1.tlog
D:\Asia\Documents\GitHub\Pianino\szkielet\Debug\link.1476-rc.read.1.tlog
D:\Asia\Documents\GitHub\Pianino\szkielet\Debug\link.1476-rc.write.1.tlog
D:\Asia\Documents\GitHub\Pianino\szkielet\Debug\link.1476.read.1.tlog
D:\Asia\Documents\GitHub\Pianino\szkielet\Debug\link.1476.write.1.tlog
D:\Asia\Documents\GitHub\Pianino\szkielet\Debug\link.1544-cvtres.read.1.tlog
D:\Asia\Documents\GitHub\Pianino\szkielet\Debug\link.1544-cvtres.write.1.tlog
D:\Asia\Documents\GitHub\Pianino\szkielet\Debug\link.1544-rc.read.1.tlog
D:\Asia\Documents\GitHub\Pianino\szkielet\Debug\link.1544-rc.write.1.tlog
D:\Asia\Documents\GitHub\Pianino\szkielet\Debug\link.1544.read.1.tlog
D:\Asia\Documents\GitHub\Pianino\szkielet\Debug\link.1544.write.1.tlog
D:\Asia\Documents\GitHub\Pianino\szkielet\Debug\link.1736-cvtres.read.1.tlog
D:\Asia\Documents\GitHub\Pianino\szkielet\Debug\link.1736-cvtres.write.1.tlog
D:\Asia\Documents\GitHub\Pianino\szkielet\Debug\link.1736-rc.read.1.tlog
D:\Asia\Documents\GitHub\Pianino\szkielet\Debug\link.1736-rc.write.1.tlog
D:\Asia\Documents\GitHub\Pianino\szkielet\Debug\link.1736.read.1.tlog
D:\Asia\Documents\GitHub\Pianino\szkielet\Debug\link.1736.write.1.tlog
D:\Asia\Documents\GitHub\Pianino\szkielet\Debug\link.1764-cvtres.read.1.tlog
D:\Asia\Documents\GitHub\Pianino\szkielet\Debug\link.1764-cvtres.write.1.tlog
D:\Asia\Documents\GitHub\Pianino\szkielet\Debug\link.1764-rc.read.1.tlog
D:\Asia\Documents\GitHub\Pianino\szkielet\Debug\link.1764-rc.write.1.tlog
D:\Asia\Documents\GitHub\Pianino\szkielet\Debug\link.1764.read.1.tlog
D:\Asia\Documents\GitHub\Pianino\szkielet\Debug\link.1764.write.1.tlog
D:\Asia\Documents\GitHub\Pianino\szkielet\Debug\link.1884-cvtres.read.1.tlog
D:\Asia\Documents\GitHub\Pianino\szkielet\Debug\link.1884-cvtres.write.1.tlog
D:\Asia\Documents\GitHub\Pianino\szkielet\Debug\link.1884-rc.read.1.tlog
D:\Asia\Documents\GitHub\Pianino\szkielet\Debug\link.1884-rc.write.1.tlog
D:\Asia\Documents\GitHub\Pianino\szkielet\Debug\link.1884.read.1.tlog
D:\Asia\Documents\GitHub\Pianino\szkielet\Debug\link.1884.write.1.tlog
D:\Asia\Documents\GitHub\Pianino\szkielet\Debug\link.1912-cvtres.read.1.tlog
D:\Asia\Documents\GitHub\Pianino\szkielet\Debug\link.1912-cvtres.write.1.tlog
D:\Asia\Documents\GitHub\Pianino\szkielet\Debug\link.1912-rc.read.1.tlog
D:\Asia\Documents\GitHub\Pianino\szkielet\Debug\link.1912-rc.write.1.tlog
D:\Asia\Documents\GitHub\Pianino\szkielet\Debug\link.1912.read.1.tlog
D:\Asia\Documents\GitHub\Pianino\szkielet\Debug\link.1912.write.1.tlog
D:\Asia\Documents\GitHub\Pianino\szkielet\Debug\link.1920-cvtres.read.1.tlog
D:\Asia\Documents\GitHub\Pianino\szkielet\Debug\link.1920-cvtres.write.1.tlog
D:\Asia\Documents\GitHub\Pianino\szkielet\Debug\link.1920-rc.read.1.tlog
D:\Asia\Documents\GitHub\Pianino\szkielet\Debug\link.1920-rc.write.1.tlog
D:\Asia\Documents\GitHub\Pianino\szkielet\Debug\link.1920.read.1.tlog
D:\Asia\Documents\GitHub\Pianino\szkielet\Debug\link.1920.write.1.tlog
D:\Asia\Documents\GitHub\Pianino\szkielet\Debug\link.1924-cvtres.read.1.tlog
D:\Asia\Documents\GitHub\Pianino\szkielet\Debug\link.1924-cvtres.write.1.tlog
D:\Asia\Documents\GitHub\Pianino\szkielet\Debug\link.1924-rc.read.1.tlog
D:\Asia\Documents\GitHub\Pianino\szkielet\Debug\link.1924-rc.write.1.tlog
D:\Asia\Documents\GitHub\Pianino\szkielet\Debug\link.1924.read.1.tlog
D:\Asia\Documents\GitHub\Pianino\szkielet\Debug\link.1924.write.1.tlog
D:\Asia\Documents\GitHub\Pianino\szkielet\Debug\link.2000-cvtres.read.1.tlog
D:\Asia\Documents\GitHub\Pianino\szkielet\Debug\link.2000-cvtres.write.1.tlog
D:\Asia\Documents\GitHub\Pianino\szkielet\Debug\link.2000-rc.read.1.tlog
D:\Asia\Documents\GitHub\Pianino\szkielet\Debug\link.2000-rc.write.1.tlog
D:\Asia\Documents\GitHub\Pianino\szkielet\Debug\link.2000.read.1.tlog
D:\Asia\Documents\GitHub\Pianino\szkielet\Debug\link.2000.write.1.tlog
D:\Asia\Documents\GitHub\Pianino\szkielet\Debug\link.2032-cvtres.read.1.tlog
D:\Asia\Documents\GitHub\Pianino\szkielet\Debug\link.2032-cvtres.write.1.tlog
D:\Asia\Documents\GitHub\Pianino\szkielet\Debug\link.2032-rc.read.1.tlog
D:\Asia\Documents\GitHub\Pianino\szkielet\Debug\link.2032-rc.write.1.tlog
D:\Asia\Documents\GitHub\Pianino\szkielet\Debug\link.2032.read.1.tlog
D:\Asia\Documents\GitHub\Pianino\szkielet\Debug\link.2032.write.1.tlog
D:\Asia\Documents\GitHub\Pianino\szkielet\Debug\link.2040-cvtres.read.1.tlog
D:\Asia\Documents\GitHub\Pianino\szkielet\Debug\link.2040-cvtres.write.1.tlog
D:\Asia\Documents\GitHub\Pianino\szkielet\Debug\link.2040-rc.read.1.tlog
D:\Asia\Documents\GitHub\Pianino\szkielet\Debug\link.2040-rc.write.1.tlog
D:\Asia\Documents\GitHub\Pianino\szkielet\Debug\link.2040.read.1.tlog
D:\Asia\Documents\GitHub\Pianino\szkielet\Debug\link.2040.write.1.tlog
D:\Asia\Documents\GitHub\Pianino\szkielet\Debug\link.2052-cvtres.read.1.tlog
D:\Asia\Documents\GitHub\Pianino\szkielet\Debug\link.2052-cvtres.write.1.tlog
D:\Asia\Documents\GitHub\Pianino\szkielet\Debug\link.2052-rc.read.1.tlog
D:\Asia\Documents\GitHub\Pianino\szkielet\Debug\link.2052-rc.write.1.tlog
D:\Asia\Documents\GitHub\Pianino\szkielet\Debug\link.2052.read.1.tlog
D:\Asia\Documents\GitHub\Pianino\szkielet\Debug\link.2052.write.1.tlog
D:\Asia\Documents\GitHub\Pianino\szkielet\Debug\link.2296-cvtres.read.1.tlog
D:\Asia\Documents\GitHub\Pianino\szkielet\Debug\link.2296-cvtres.write.1.tlog
D:\Asia\Documents\GitHub\Pianino\szkielet\Debug\link.2296-rc.read.1.tlog
D:\Asia\Documents\GitHub\Pianino\szkielet\Debug\link.2296-rc.write.1.tlog
D:\Asia\Documents\GitHub\Pianino\szkielet\Debug\link.2296.read.1.tlog
D:\Asia\Documents\GitHub\Pianino\szkielet\Debug\link.2296.write.1.tlog
D:\Asia\Documents\GitHub\Pianino\szkielet\Debug\link.268-cvtres.read.1.tlog
D:\Asia\Documents\GitHub\Pianino\szkielet\Debug\link.268-cvtres.write.1.tlog
D:\Asia\Documents\GitHub\Pianino\szkielet\Debug\link.268-rc.read.1.tlog
D:\Asia\Documents\GitHub\Pianino\szkielet\Debug\link.268-rc.write.1.tlog
D:\Asia\Documents\GitHub\Pianino\szkielet\Debug\link.268.read.1.tlog
D:\Asia\Documents\GitHub\Pianino\szkielet\Debug\link.268.write.1.tlog
D:\Asia\Documents\GitHub\Pianino\szkielet\Debug\link.2860-cvtres.read.1.tlog
D:\Asia\Documents\GitHub\Pianino\szkielet\Debug\link.2860-cvtres.write.1.tlog
D:\Asia\Documents\GitHub\Pianino\szkielet\Debug\link.2860-rc.read.1.tlog
D:\Asia\Documents\GitHub\Pianino\szkielet\Debug\link.2860-rc.write.1.tlog
D:\Asia\Documents\GitHub\Pianino\szkielet\Debug\link.2860.read.1.tlog
D:\Asia\Documents\GitHub\Pianino\szkielet\Debug\link.2860.write.1.tlog
D:\Asia\Documents\GitHub\Pianino\szkielet\Debug\link.2880-cvtres.read.1.tlog
D:\Asia\Documents\GitHub\Pianino\szkielet\Debug\link.2880-cvtres.write.1.tlog
D:\Asia\Documents\GitHub\Pianino\szkielet\Debug\link.2880-rc.read.1.tlog
D:\Asia\Documents\GitHub\Pianino\szkielet\Debug\link.2880-rc.write.1.tlog
D:\Asia\Documents\GitHub\Pianino\szkielet\Debug\link.2880.read.1.tlog
D:\Asia\Documents\GitHub\Pianino\szkielet\Debug\link.2880.write.1.tlog
D:\Asia\Documents\GitHub\Pianino\szkielet\Debug\link.2904-cvtres.read.1.tlog
D:\Asia\Documents\GitHub\Pianino\szkielet\Debug\link.2904-cvtres.write.1.tlog
D:\Asia\Documents\GitHub\Pianino\szkielet\Debug\link.2904-rc.read.1.tlog
D:\Asia\Documents\GitHub\Pianino\szkielet\Debug\link.2904-rc.write.1.tlog
D:\Asia\Documents\GitHub\Pianino\szkielet\Debug\link.2904.read.1.tlog
D:\Asia\Documents\GitHub\Pianino\szkielet\Debug\link.2904.write.1.tlog
D:\Asia\Documents\GitHub\Pianino\szkielet\Debug\link.2968-cvtres.read.1.tlog
D:\Asia\Documents\GitHub\Pianino\szkielet\Debug\link.2968-cvtres.write.1.tlog
D:\Asia\Documents\GitHub\Pianino\szkielet\Debug\link.2968-rc.read.1.tlog
D:\Asia\Documents\GitHub\Pianino\szkielet\Debug\link.2968-rc.write.1.tlog
D:\Asia\Documents\GitHub\Pianino\szkielet\Debug\link.2968.read.1.tlog
D:\Asia\Documents\GitHub\Pianino\szkielet\Debug\link.2968.write.1.tlog
D:\Asia\Documents\GitHub\Pianino\szkielet\Debug\link.3036-cvtres.read.1.tlog
D:\Asia\Documents\GitHub\Pianino\szkielet\Debug\link.3036-cvtres.write.1.tlog
D:\Asia\Documents\GitHub\Pianino\szkielet\Debug\link.3036-rc.read.1.tlog
D:\Asia\Documents\GitHub\Pianino\szkielet\Debug\link.3036-rc.write.1.tlog
D:\Asia\Documents\GitHub\Pianino\szkielet\Debug\link.3036.read.1.tlog
D:\Asia\Documents\GitHub\Pianino\szkielet\Debug\link.3036.write.1.tlog
D:\Asia\Documents\GitHub\Pianino\szkielet\Debug\link.3092-cvtres.read.1.tlog
D:\Asia\Documents\GitHub\Pianino\szkielet\Debug\link.3092-cvtres.write.1.tlog
D:\Asia\Documents\GitHub\Pianino\szkielet\Debug\link.3092-rc.read.1.tlog
D:\Asia\Documents\GitHub\Pianino\szkielet\Debug\link.3092-rc.write.1.tlog
D:\Asia\Documents\GitHub\Pianino\szkielet\Debug\link.3092.read.1.tlog
D:\Asia\Documents\GitHub\Pianino\szkielet\Debug\link.3092.write.1.tlog
D:\Asia\Documents\GitHub\Pianino\szkielet\Debug\link.3112-cvtres.read.1.tlog
D:\Asia\Documents\GitHub\Pianino\szkielet\Debug\link.3112-cvtres.write.1.tlog
D:\Asia\Documents\GitHub\Pianino\szkielet\Debug\link.3112-rc.read.1.tlog
D:\Asia\Documents\GitHub\Pianino\szkielet\Debug\link.3112-rc.write.1.tlog
D:\Asia\Documents\GitHub\Pianino\szkielet\Debug\link.3112.read.1.tlog
D:\Asia\Documents\GitHub\Pianino\szkielet\Debug\link.3112.write.1.tlog
D:\Asia\Documents\GitHub\Pianino\szkielet\Debug\link.3136-cvtres.read.1.tlog
D:\Asia\Documents\GitHub\Pianino\szkielet\Debug\link.3136-cvtres.write.1.tlog
D:\Asia\Documents\GitHub\Pianino\szkielet\Debug\link.3136-rc.read.1.tlog
D:\Asia\Documents\GitHub\Pianino\szkielet\Debug\link.3136-rc.write.1.tlog
D:\Asia\Documents\GitHub\Pianino\szkielet\Debug\link.3136.read.1.tlog
D:\Asia\Documents\GitHub\Pianino\szkielet\Debug\link.3136.write.1.tlog
D:\Asia\Documents\GitHub\Pianino\szkielet\Debug\link.3176-cvtres.read.1.tlog
D:\Asia\Documents\GitHub\Pianino\szkielet\Debug\link.3176-cvtres.write.1.tlog
D:\Asia\Documents\GitHub\Pianino\szkielet\Debug\link.3176-rc.read.1.tlog
D:\Asia\Documents\GitHub\Pianino\szkielet\Debug\link.3176-rc.write.1.tlog
D:\Asia\Documents\GitHub\Pianino\szkielet\Debug\link.3176.read.1.tlog
D:\Asia\Documents\GitHub\Pianino\szkielet\Debug\link.3176.write.1.tlog
D:\Asia\Documents\GitHub\Pianino\szkielet\Debug\link.3212-cvtres.read.1.tlog
D:\Asia\Documents\GitHub\Pianino\szkielet\Debug\link.3212-cvtres.write.1.tlog
D:\Asia\Documents\GitHub\Pianino\szkielet\Debug\link.3212-rc.read.1.tlog
D:\Asia\Documents\GitHub\Pianino\szkielet\Debug\link.3212-rc.write.1.tlog
D:\Asia\Documents\GitHub\Pianino\szkielet\Debug\link.3212.read.1.tlog
D:\Asia\Documents\GitHub\Pianino\szkielet\Debug\link.3212.write.1.tlog
D:\Asia\Documents\GitHub\Pianino\szkielet\Debug\link.3272-cvtres.read.1.tlog
D:\Asia\Documents\GitHub\Pianino\szkielet\Debug\link.3272-cvtres.write.1.tlog
D:\Asia\Documents\GitHub\Pianino\szkielet\Debug\link.3272-rc.read.1.tlog
D:\Asia\Documents\GitHub\Pianino\szkielet\Debug\link.3272-rc.write.1.tlog
D:\Asia\Documents\GitHub\Pianino\szkielet\Debug\link.3272.read.1.tlog
D:\Asia\Documents\GitHub\Pianino\szkielet\Debug\link.3272.write.1.tlog
D:\Asia\Documents\GitHub\Pianino\szkielet\Debug\link.3328-cvtres.read.1.tlog
D:\Asia\Documents\GitHub\Pianino\szkielet\Debug\link.3328-cvtres.write.1.tlog
D:\Asia\Documents\GitHub\Pianino\szkielet\Debug\link.3328-rc.read.1.tlog
D:\Asia\Documents\GitHub\Pianino\szkielet\Debug\link.3328-rc.write.1.tlog
D:\Asia\Documents\GitHub\Pianino\szkielet\Debug\link.3328.read.1.tlog
D:\Asia\Documents\GitHub\Pianino\szkielet\Debug\link.3328.write.1.tlog
D:\Asia\Documents\GitHub\Pianino\szkielet\Debug\link.3368-cvtres.read.1.tlog
D:\Asia\Documents\GitHub\Pianino\szkielet\Debug\link.3368-cvtres.write.1.tlog
D:\Asia\Documents\GitHub\Pianino\szkielet\Debug\link.3368-rc.read.1.tlog
D:\Asia\Documents\GitHub\Pianino\szkielet\Debug\link.3368-rc.write.1.tlog
D:\Asia\Documents\GitHub\Pianino\szkielet\Debug\link.3368.read.1.tlog
D:\Asia\Documents\GitHub\Pianino\szkielet\Debug\link.3368.write.1.tlog
D:\Asia\Documents\GitHub\Pianino\szkielet\Debug\link.3376-cvtres.read.1.tlog
D:\Asia\Documents\GitHub\Pianino\szkielet\Debug\link.3376-cvtres.write.1.tlog
D:\Asia\Documents\GitHub\Pianino\szkielet\Debug\link.3376-rc.read.1.tlog
D:\Asia\Documents\GitHub\Pianino\szkielet\Debug\link.3376-rc.write.1.tlog
D:\Asia\Documents\GitHub\Pianino\szkielet\Debug\link.3376.read.1.tlog
D:\Asia\Documents\GitHub\Pianino\szkielet\Debug\link.3376.write.1.tlog
D:\Asia\Documents\GitHub\Pianino\szkielet\Debug\link.3544-cvtres.read.1.tlog
D:\Asia\Documents\GitHub\Pianino\szkielet\Debug\link.3544-cvtres.write.1.tlog
D:\Asia\Documents\GitHub\Pianino\szkielet\Debug\link.3544-rc.read.1.tlog
D:\Asia\Documents\GitHub\Pianino\szkielet\Debug\link.3544-rc.write.1.tlog
D:\Asia\Documents\GitHub\Pianino\szkielet\Debug\link.3544.read.1.tlog
D:\Asia\Documents\GitHub\Pianino\szkielet\Debug\link.3544.write.1.tlog
D:\Asia\Documents\GitHub\Pianino\szkielet\Debug\link.3628-cvtres.read.1.tlog
D:\Asia\Documents\GitHub\Pianino\szkielet\Debug\link.3628-cvtres.write.1.tlog
D:\Asia\Documents\GitHub\Pianino\szkielet\Debug\link.3628-rc.read.1.tlog
D:\Asia\Documents\GitHub\Pianino\szkielet\Debug\link.3628-rc.write.1.tlog
D:\Asia\Documents\GitHub\Pianino\szkielet\Debug\link.3628.read.1.tlog
D:\Asia\Documents\GitHub\Pianino\szkielet\Debug\link.3628.write.1.tlog
D:\Asia\Documents\GitHub\Pianino\szkielet\Debug\link.3712-cvtres.read.1.tlog
D:\Asia\Documents\GitHub\Pianino\szkielet\Debug\link.3712-cvtres.write.1.tlog
D:\Asia\Documents\GitHub\Pianino\szkielet\Debug\link.3712-rc.read.1.tlog
D:\Asia\Documents\GitHub\Pianino\szkielet\Debug\link.3712-rc.write.1.tlog
D:\Asia\Documents\GitHub\Pianino\szkielet\Debug\link.3712.read.1.tlog
D:\Asia\Documents\GitHub\Pianino\szkielet\Debug\link.3712.write.1.tlog
D:\Asia\Documents\GitHub\Pianino\szkielet\Debug\link.3740-cvtres.read.1.tlog
D:\Asia\Documents\GitHub\Pianino\szkielet\Debug\link.3740-cvtres.write.1.tlog
D:\Asia\Documents\GitHub\Pianino\szkielet\Debug\link.3740-rc.read.1.tlog
D:\Asia\Documents\GitHub\Pianino\szkielet\Debug\link.3740-rc.write.1.tlog
D:\Asia\Documents\GitHub\Pianino\szkielet\Debug\link.3740.read.1.tlog
D:\Asia\Documents\GitHub\Pianino\szkielet\Debug\link.3740.write.1.tlog
D:\Asia\Documents\GitHub\Pianino\szkielet\Debug\link.3756-cvtres.read.1.tlog
D:\Asia\Documents\GitHub\Pianino\szkielet\Debug\link.3756-cvtres.write.1.tlog
D:\Asia\Documents\GitHub\Pianino\szkielet\Debug\link.3756-rc.read.1.tlog
D:\Asia\Documents\GitHub\Pianino\szkielet\Debug\link.3756-rc.write.1.tlog
D:\Asia\Documents\GitHub\Pianino\szkielet\Debug\link.3756.read.1.tlog
D:\Asia\Documents\GitHub\Pianino\szkielet\Debug\link.3756.write.1.tlog
D:\Asia\Documents\GitHub\Pianino\szkielet\Debug\link.376-cvtres.read.1.tlog
D:\Asia\Documents\GitHub\Pianino\szkielet\Debug\link.376-cvtres.write.1.tlog
D:\Asia\Documents\GitHub\Pianino\szkielet\Debug\link.376-rc.read.1.tlog
D:\Asia\Documents\GitHub\Pianino\szkielet\Debug\link.376-rc.write.1.tlog
D:\Asia\Documents\GitHub\Pianino\szkielet\Debug\link.376.read.1.tlog
D:\Asia\Documents\GitHub\Pianino\szkielet\Debug\link.376.write.1.tlog
D:\Asia\Documents\GitHub\Pianino\szkielet\Debug\link.3840-cvtres.read.1.tlog
D:\Asia\Documents\GitHub\Pianino\szkielet\Debug\link.3840-cvtres.write.1.tlog
D:\Asia\Documents\GitHub\Pianino\szkielet\Debug\link.3840-rc.read.1.tlog
D:\Asia\Documents\GitHub\Pianino\szkielet\Debug\link.3840-rc.write.1.tlog
D:\Asia\Documents\GitHub\Pianino\szkielet\Debug\link.3840.read.1.tlog
D:\Asia\Documents\GitHub\Pianino\szkielet\Debug\link.3840.write.1.tlog
D:\Asia\Documents\GitHub\Pianino\szkielet\Debug\link.3912-cvtres.read.1.tlog
D:\Asia\Documents\GitHub\Pianino\szkielet\Debug\link.3912-cvtres.write.1.tlog
D:\Asia\Documents\GitHub\Pianino\szkielet\Debug\link.3912-rc.read.1.tlog
D:\Asia\Documents\GitHub\Pianino\szkielet\Debug\link.3912-rc.write.1.tlog
D:\Asia\Documents\GitHub\Pianino\szkielet\Debug\link.3912.read.1.tlog
D:\Asia\Documents\GitHub\Pianino\szkielet\Debug\link.3912.write.1.tlog
D:\Asia\Documents\GitHub\Pianino\szkielet\Debug\link.3924-cvtres.read.1.tlog
D:\Asia\Documents\GitHub\Pianino\szkielet\Debug\link.3924-cvtres.write.1.tlog
D:\Asia\Documents\GitHub\Pianino\szkielet\Debug\link.3924-rc.read.1.tlog
D:\Asia\Documents\GitHub\Pianino\szkielet\Debug\link.3924-rc.write.1.tlog
D:\Asia\Documents\GitHub\Pianino\szkielet\Debug\link.3924.read.1.tlog
D:\Asia\Documents\GitHub\Pianino\szkielet\Debug\link.3924.write.1.tlog
D:\Asia\Documents\GitHub\Pianino\szkielet\Debug\link.4004-cvtres.read.1.tlog
D:\Asia\Documents\GitHub\Pianino\szkielet\Debug\link.4004-cvtres.write.1.tlog
D:\Asia\Documents\GitHub\Pianino\szkielet\Debug\link.4004-rc.read.1.tlog
D:\Asia\Documents\GitHub\Pianino\szkielet\Debug\link.4004-rc.write.1.tlog
D:\Asia\Documents\GitHub\Pianino\szkielet\Debug\link.4004.read.1.tlog
D:\Asia\Documents\GitHub\Pianino\szkielet\Debug\link.4004.write.1.tlog
D:\Asia\Documents\GitHub\Pianino\szkielet\Debug\link.4048-cvtres.read.1.tlog
D:\Asia\Documents\GitHub\Pianino\szkielet\Debug\link.4048-cvtres.write.1.tlog
D:\Asia\Documents\GitHub\Pianino\szkielet\Debug\link.4048-rc.read.1.tlog
D:\Asia\Documents\GitHub\Pianino\szkielet\Debug\link.4048-rc.write.1.tlog
D:\Asia\Documents\GitHub\Pianino\szkielet\Debug\link.4048.read.1.tlog
D:\Asia\Documents\GitHub\Pianino\szkielet\Debug\link.4048.write.1.tlog
D:\Asia\Documents\GitHub\Pianino\szkielet\Debug\link.4076-cvtres.read.1.tlog
D:\Asia\Documents\GitHub\Pianino\szkielet\Debug\link.4076-cvtres.write.1.tlog
D:\Asia\Documents\GitHub\Pianino\szkielet\Debug\link.4076-rc.read.1.tlog
D:\Asia\Documents\GitHub\Pianino\szkielet\Debug\link.4076-rc.write.1.tlog
D:\Asia\Documents\GitHub\Pianino\szkielet\Debug\link.4076.read.1.tlog
D:\Asia\Documents\GitHub\Pianino\szkielet\Debug\link.4076.write.1.tlog
D:\Asia\Documents\GitHub\Pianino\szkielet\Debug\link.4180-cvtres.read.1.tlog
D:\Asia\Documents\GitHub\Pianino\szkielet\Debug\link.4180-cvtres.write.1.tlog
D:\Asia\Documents\GitHub\Pianino\szkielet\Debug\link.4180-rc.read.1.tlog
D:\Asia\Documents\GitHub\Pianino\szkielet\Debug\link.4180-rc.write.1.tlog
D:\Asia\Documents\GitHub\Pianino\szkielet\Debug\link.4180.read.1.tlog
D:\Asia\Documents\GitHub\Pianino\szkielet\Debug\link.4180.write.1.tlog
D:\Asia\Documents\GitHub\Pianino\szkielet\Debug\link.4224-cvtres.read.1.tlog
D:\Asia\Documents\GitHub\Pianino\szkielet\Debug\link.4224-cvtres.write.1.tlog
D:\Asia\Documents\GitHub\Pianino\szkielet\Debug\link.4224-rc.read.1.tlog
D:\Asia\Documents\GitHub\Pianino\szkielet\Debug\link.4224-rc.write.1.tlog
D:\Asia\Documents\GitHub\Pianino\szkielet\Debug\link.4224.read.1.tlog
D:\Asia\Documents\GitHub\Pianino\szkielet\Debug\link.4224.write.1.tlog
D:\Asia\Documents\GitHub\Pianino\szkielet\Debug\link.4236-cvtres.read.1.tlog
D:\Asia\Documents\GitHub\Pianino\szkielet\Debug\link.4236-cvtres.write.1.tlog
D:\Asia\Documents\GitHub\Pianino\szkielet\Debug\link.4236-rc.read.1.tlog
D:\Asia\Documents\GitHub\Pianino\szkielet\Debug\link.4236-rc.write.1.tlog
D:\Asia\Documents\GitHub\Pianino\szkielet\Debug\link.4236.read.1.tlog
D:\Asia\Documents\GitHub\Pianino\szkielet\Debug\link.4236.write.1.tlog
D:\Asia\Documents\GitHub\Pianino\szkielet\Debug\link.4348-cvtres.read.1.tlog
D:\Asia\Documents\GitHub\Pianino\szkielet\Debug\link.4348-cvtres.write.1.tlog
D:\Asia\Documents\GitHub\Pianino\szkielet\Debug\link.4348-rc.read.1.tlog
D:\Asia\Documents\GitHub\Pianino\szkielet\Debug\link.4348-rc.write.1.tlog
D:\Asia\Documents\GitHub\Pianino\szkielet\Debug\link.4348.read.1.tlog
D:\Asia\Documents\GitHub\Pianino\szkielet\Debug\link.4348.write.1.tlog
D:\Asia\Documents\GitHub\Pianino\szkielet\Debug\link.4356-cvtres.read.1.tlog
D:\Asia\Documents\GitHub\Pianino\szkielet\Debug\link.4356-cvtres.write.1.tlog
D:\Asia\Documents\GitHub\Pianino\szkielet\Debug\link.4356-rc.read.1.tlog
D:\Asia\Documents\GitHub\Pianino\szkielet\Debug\link.4356-rc.write.1.tlog
D:\Asia\Documents\GitHub\Pianino\szkielet\Debug\link.4356.read.1.tlog
D:\Asia\Documents\GitHub\Pianino\szkielet\Debug\link.4356.write.1.tlog
D:\Asia\Documents\GitHub\Pianino\szkielet\Debug\link.4368-cvtres.read.1.tlog
D:\Asia\Documents\GitHub\Pianino\szkielet\Debug\link.4368-cvtres.write.1.tlog
D:\Asia\Documents\GitHub\Pianino\szkielet\Debug\link.4368-rc.read.1.tlog
D:\Asia\Documents\GitHub\Pianino\szkielet\Debug\link.4368-rc.write.1.tlog
D:\Asia\Documents\GitHub\Pianino\szkielet\Debug\link.4368.read.1.tlog
D:\Asia\Documents\GitHub\Pianino\szkielet\Debug\link.4368.write.1.tlog
D:\Asia\Documents\GitHub\Pianino\szkielet\Debug\link.4372-cvtres.read.1.tlog
D:\Asia\Documents\GitHub\Pianino\szkielet\Debug\link.4372-cvtres.write.1.tlog
D:\Asia\Documents\GitHub\Pianino\szkielet\Debug\link.4372-rc.read.1.tlog
D:\Asia\Documents\GitHub\Pianino\szkielet\Debug\link.4372-rc.write.1.tlog
D:\Asia\Documents\GitHub\Pianino\szkielet\Debug\link.4372.read.1.tlog
D:\Asia\Documents\GitHub\Pianino\szkielet\Debug\link.4372.write.1.tlog
D:\Asia\Documents\GitHub\Pianino\szkielet\Debug\link.4552-cvtres.read.1.tlog
D:\Asia\Documents\GitHub\Pianino\szkielet\Debug\link.4552-cvtres.write.1.tlog
D:\Asia\Documents\GitHub\Pianino\szkielet\Debug\link.4552-rc.read.1.tlog
D:\Asia\Documents\GitHub\Pianino\szkielet\Debug\link.4552-rc.write.1.tlog
D:\Asia\Documents\GitHub\Pianino\szkielet\Debug\link.4552.read.1.tlog
D:\Asia\Documents\GitHub\Pianino\szkielet\Debug\link.4552.write.1.tlog
D:\Asia\Documents\GitHub\Pianino\szkielet\Debug\link.4588-cvtres.read.1.tlog
D:\Asia\Documents\GitHub\Pianino\szkielet\Debug\link.4588-cvtres.write.1.tlog
D:\Asia\Documents\GitHub\Pianino\szkielet\Debug\link.4588-rc.read.1.tlog
D:\Asia\Documents\GitHub\Pianino\szkielet\Debug\link.4588-rc.write.1.tlog
D:\Asia\Documents\GitHub\Pianino\szkielet\Debug\link.4588.read.1.tlog
D:\Asia\Documents\GitHub\Pianino\szkielet\Debug\link.4588.write.1.tlog
D:\Asia\Documents\GitHub\Pianino\szkielet\Debug\link.4592-cvtres.read.1.tlog
D:\Asia\Documents\GitHub\Pianino\szkielet\Debug\link.4592-cvtres.write.1.tlog
D:\Asia\Documents\GitHub\Pianino\szkielet\Debug\link.4592-rc.read.1.tlog
D:\Asia\Documents\GitHub\Pianino\szkielet\Debug\link.4592-rc.write.1.tlog
D:\Asia\Documents\GitHub\Pianino\szkielet\Debug\link.4592.read.1.tlog
D:\Asia\Documents\GitHub\Pianino\szkielet\Debug\link.4592.write.1.tlog
D:\Asia\Documents\GitHub\Pianino\szkielet\Debug\link.4612-cvtres.read.1.tlog
D:\Asia\Documents\GitHub\Pianino\szkielet\Debug\link.4612-cvtres.write.1.tlog
D:\Asia\Documents\GitHub\Pianino\szkielet\Debug\link.4612-rc.read.1.tlog
D:\Asia\Documents\GitHub\Pianino\szkielet\Debug\link.4612-rc.write.1.tlog
D:\Asia\Documents\GitHub\Pianino\szkielet\Debug\link.4612.read.1.tlog
D:\Asia\Documents\GitHub\Pianino\szkielet\Debug\link.4612.write.1.tlog
D:\Asia\Documents\GitHub\Pianino\szkielet\Debug\link.4684-cvtres.read.1.tlog
D:\Asia\Documents\GitHub\Pianino\szkielet\Debug\link.4684-cvtres.write.1.tlog
D:\Asia\Documents\GitHub\Pianino\szkielet\Debug\link.4684-rc.read.1.tlog
D:\Asia\Documents\GitHub\Pianino\szkielet\Debug\link.4684-rc.write.1.tlog
D:\Asia\Documents\GitHub\Pianino\szkielet\Debug\link.4684.read.1.tlog
D:\Asia\Documents\GitHub\Pianino\szkielet\Debug\link.4684.write.1.tlog
D:\Asia\Documents\GitHub\Pianino\szkielet\Debug\link.4836-cvtres.read.1.tlog
D:\Asia\Documents\GitHub\Pianino\szkielet\Debug\link.4836-cvtres.write.1.tlog
D:\Asia\Documents\GitHub\Pianino\szkielet\Debug\link.4836-rc.read.1.tlog
D:\Asia\Documents\GitHub\Pianino\szkielet\Debug\link.4836-rc.write.1.tlog
D:\Asia\Documents\GitHub\Pianino\szkielet\Debug\link.4836.read.1.tlog
D:\Asia\Documents\GitHub\Pianino\szkielet\Debug\link.4836.write.1.tlog
D:\Asia\Documents\GitHub\Pianino\szkielet\Debug\link.4944-cvtres.read.1.tlog
D:\Asia\Documents\GitHub\Pianino\szkielet\Debug\link.4944-cvtres.write.1.tlog
D:\Asia\Documents\GitHub\Pianino\szkielet\Debug\link.4944-rc.read.1.tlog
D:\Asia\Documents\GitHub\Pianino\szkielet\Debug\link.4944-rc.write.1.tlog
D:\Asia\Documents\GitHub\Pianino\szkielet\Debug\link.4944.read.1.tlog
D:\Asia\Documents\GitHub\Pianino\szkielet\Debug\link.4944.write.1.tlog
D:\Asia\Documents\GitHub\Pianino\szkielet\Debug\link.5180-cvtres.read.1.tlog
D:\Asia\Documents\GitHub\Pianino\szkielet\Debug\link.5180-cvtres.write.1.tlog
D:\Asia\Documents\GitHub\Pianino\szkielet\Debug\link.5180-rc.read.1.tlog
D:\Asia\Documents\GitHub\Pianino\szkielet\Debug\link.5180-rc.write.1.tlog
D:\Asia\Documents\GitHub\Pianino\szkielet\Debug\link.5180.read.1.tlog
D:\Asia\Documents\GitHub\Pianino\szkielet\Debug\link.5180.write.1.tlog
D:\Asia\Documents\GitHub\Pianino\szkielet\Debug\link.5200-cvtres.read.1.tlog
D:\Asia\Documents\GitHub\Pianino\szkielet\Debug\link.5200-cvtres.write.1.tlog
D:\Asia\Documents\GitHub\Pianino\szkielet\Debug\link.5200-rc.read.1.tlog
D:\Asia\Documents\GitHub\Pianino\szkielet\Debug\link.5200-rc.write.1.tlog
D:\Asia\Documents\GitHub\Pianino\szkielet\Debug\link.5200.read.1.tlog
D:\Asia\Documents\GitHub\Pianino\szkielet\Debug\link.5200.write.1.tlog
D:\Asia\Documents\GitHub\Pianino\szkielet\Debug\link.5216-cvtres.read.1.tlog
D:\Asia\Documents\GitHub\Pianino\szkielet\Debug\link.5216-cvtres.write.1.tlog
D:\Asia\Documents\GitHub\Pianino\szkielet\Debug\link.5216-rc.read.1.tlog
D:\Asia\Documents\GitHub\Pianino\szkielet\Debug\link.5216-rc.write.1.tlog
D:\Asia\Documents\GitHub\Pianino\szkielet\Debug\link.5216.read.1.tlog
D:\Asia\Documents\GitHub\Pianino\szkielet\Debug\link.5216.write.1.tlog
D:\Asia\Documents\GitHub\Pianino\szkielet\Debug\link.5220-cvtres.read.1.tlog
D:\Asia\Documents\GitHub\Pianino\szkielet\Debug\link.5220-cvtres.write.1.tlog
D:\Asia\Documents\GitHub\Pianino\szkielet\Debug\link.5220-rc.read.1.tlog
D:\Asia\Documents\GitHub\Pianino\szkielet\Debug\link.5220-rc.write.1.tlog
D:\Asia\Documents\GitHub\Pianino\szkielet\Debug\link.5220.read.1.tlog
D:\Asia\Documents\GitHub\Pianino\szkielet\Debug\link.5220.write.1.tlog
D:\Asia\Documents\GitHub\Pianino\szkielet\Debug\link.5384-cvtres.read.1.tlog
D:\Asia\Documents\GitHub\Pianino\szkielet\Debug\link.5384-cvtres.write.1.tlog
D:\Asia\Documents\GitHub\Pianino\szkielet\Debug\link.5384-rc.read.1.tlog
D:\Asia\Documents\GitHub\Pianino\szkielet\Debug\link.5384-rc.write.1.tlog
D:\Asia\Documents\GitHub\Pianino\szkielet\Debug\link.5384.read.1.tlog
D:\Asia\Documents\GitHub\Pianino\szkielet\Debug\link.5384.write.1.tlog
D:\Asia\Documents\GitHub\Pianino\szkielet\Debug\link.5396-cvtres.read.1.tlog
D:\Asia\Documents\GitHub\Pianino\szkielet\Debug\link.5396-cvtres.write.1.tlog
D:\Asia\Documents\GitHub\Pianino\szkielet\Debug\link.5396-rc.read.1.tlog
D:\Asia\Documents\GitHub\Pianino\szkielet\Debug\link.5396-rc.write.1.tlog
D:\Asia\Documents\GitHub\Pianino\szkielet\Debug\link.5396.read.1.tlog
D:\Asia\Documents\GitHub\Pianino\szkielet\Debug\link.5396.write.1.tlog
D:\Asia\Documents\GitHub\Pianino\szkielet\Debug\link.5400-cvtres.read.1.tlog
D:\Asia\Documents\GitHub\Pianino\szkielet\Debug\link.5400-cvtres.write.1.tlog
D:\Asia\Documents\GitHub\Pianino\szkielet\Debug\link.5400-rc.read.1.tlog
D:\Asia\Documents\GitHub\Pianino\szkielet\Debug\link.5400-rc.write.1.tlog
D:\Asia\Documents\GitHub\Pianino\szkielet\Debug\link.5400.read.1.tlog
D:\Asia\Documents\GitHub\Pianino\szkielet\Debug\link.5400.write.1.tlog
D:\Asia\Documents\GitHub\Pianino\szkielet\Debug\link.5404-cvtres.read.1.tlog
D:\Asia\Documents\GitHub\Pianino\szkielet\Debug\link.5404-cvtres.write.1.tlog
D:\Asia\Documents\GitHub\Pianino\szkielet\Debug\link.5404-rc.read.1.tlog
D:\Asia\Documents\GitHub\Pianino\szkielet\Debug\link.5404-rc.write.1.tlog
D:\Asia\Documents\GitHub\Pianino\szkielet\Debug\link.5404.read.1.tlog
D:\Asia\Documents\GitHub\Pianino\szkielet\Debug\link.5404.write.1.tlog
D:\Asia\Documents\GitHub\Pianino\szkielet\Debug\link.5476-cvtres.read.1.tlog
D:\Asia\Documents\GitHub\Pianino\szkielet\Debug\link.5476-cvtres.write.1.tlog
D:\Asia\Documents\GitHub\Pianino\szkielet\Debug\link.5476-rc.read.1.tlog
D:\Asia\Documents\GitHub\Pianino\szkielet\Debug\link.5476-rc.write.1.tlog
D:\Asia\Documents\GitHub\Pianino\szkielet\Debug\link.5476.read.1.tlog
D:\Asia\Documents\GitHub\Pianino\szkielet\Debug\link.5476.write.1.tlog
D:\Asia\Documents\GitHub\Pianino\szkielet\Debug\link.5616-cvtres.read.1.tlog
D:\Asia\Documents\GitHub\Pianino\szkielet\Debug\link.5616-cvtres.write.1.tlog
D:\Asia\Documents\GitHub\Pianino\szkielet\Debug\link.5616-rc.read.1.tlog
D:\Asia\Documents\GitHub\Pianino\szkielet\Debug\link.5616-rc.write.1.tlog
D:\Asia\Documents\GitHub\Pianino\szkielet\Debug\link.5616.read.1.tlog
D:\Asia\Documents\GitHub\Pianino\szkielet\Debug\link.5616.write.1.tlog
D:\Asia\Documents\GitHub\Pianino\szkielet\Debug\link.5724-cvtres.read.1.tlog
D:\Asia\Documents\GitHub\Pianino\szkielet\Debug\link.5724-cvtres.write.1.tlog
D:\Asia\Documents\GitHub\Pianino\szkielet\Debug\link.5724-rc.read.1.tlog
D:\Asia\Documents\GitHub\Pianino\szkielet\Debug\link.5724-rc.write.1.tlog
D:\Asia\Documents\GitHub\Pianino\szkielet\Debug\link.5724.read.1.tlog
D:\Asia\Documents\GitHub\Pianino\szkielet\Debug\link.5724.write.1.tlog
D:\Asia\Documents\GitHub\Pianino\szkielet\Debug\link.5788-cvtres.read.1.tlog
D:\Asia\Documents\GitHub\Pianino\szkielet\Debug\link.5788-cvtres.write.1.tlog
D:\Asia\Documents\GitHub\Pianino\szkielet\Debug\link.5788-rc.read.1.tlog
D:\Asia\Documents\GitHub\Pianino\szkielet\Debug\link.5788-rc.write.1.tlog
D:\Asia\Documents\GitHub\Pianino\szkielet\Debug\link.5788.read.1.tlog
D:\Asia\Documents\GitHub\Pianino\szkielet\Debug\link.5788.write.1.tlog
D:\Asia\Documents\GitHub\Pianino\szkielet\Debug\link.5796-cvtres.read.1.tlog
D:\Asia\Documents\GitHub\Pianino\szkielet\Debug\link.5796-cvtres.write.1.tlog
D:\Asia\Documents\GitHub\Pianino\szkielet\Debug\link.5796-rc.read.1.tlog
D:\Asia\Documents\GitHub\Pianino\szkielet\Debug\link.5796-rc.write.1.tlog
D:\Asia\Documents\GitHub\Pianino\szkielet\Debug\link.5796.read.1.tlog
D:\Asia\Documents\GitHub\Pianino\szkielet\Debug\link.5796.write.1.tlog
D:\Asia\Documents\GitHub\Pianino\szkielet\Debug\link.5856-cvtres.read.1.tlog
D:\Asia\Documents\GitHub\Pianino\szkielet\Debug\link.5856-cvtres.write.1.tlog
D:\Asia\Documents\GitHub\Pianino\szkielet\Debug\link.5856-rc.read.1.tlog
D:\Asia\Documents\GitHub\Pianino\szkielet\Debug\link.5856-rc.write.1.tlog
D:\Asia\Documents\GitHub\Pianino\szkielet\Debug\link.5856.read.1.tlog
D:\Asia\Documents\GitHub\Pianino\szkielet\Debug\link.5856.write.1.tlog
D:\Asia\Documents\GitHub\Pianino\szkielet\Debug\link.5868-cvtres.read.1.tlog
D:\Asia\Documents\GitHub\Pianino\szkielet\Debug\link.5868-cvtres.write.1.tlog
D:\Asia\Documents\GitHub\Pianino\szkielet\Debug\link.5868-rc.read.1.tlog
D:\Asia\Documents\GitHub\Pianino\szkielet\Debug\link.5868-rc.write.1.tlog
D:\Asia\Documents\GitHub\Pianino\szkielet\Debug\link.5868.read.1.tlog
D:\Asia\Documents\GitHub\Pianino\szkielet\Debug\link.5868.write.1.tlog
D:\Asia\Documents\GitHub\Pianino\szkielet\Debug\link.5936-cvtres.read.1.tlog
D:\Asia\Documents\GitHub\Pianino\szkielet\Debug\link.5936-cvtres.write.1.tlog
D:\Asia\Documents\GitHub\Pianino\szkielet\Debug\link.5936-rc.read.1.tlog
D:\Asia\Documents\GitHub\Pianino\szkielet\Debug\link.5936-rc.write.1.tlog
D:\Asia\Documents\GitHub\Pianino\szkielet\Debug\link.5936.read.1.tlog
D:\Asia\Documents\GitHub\Pianino\szkielet\Debug\link.5936.write.1.tlog
D:\Asia\Documents\GitHub\Pianino\szkielet\Debug\link.6008-cvtres.read.1.tlog
D:\Asia\Documents\GitHub\Pianino\szkielet\Debug\link.6008-cvtres.write.1.tlog
D:\Asia\Documents\GitHub\Pianino\szkielet\Debug\link.6008-rc.read.1.tlog
D:\Asia\Documents\GitHub\Pianino\szkielet\Debug\link.6008-rc.write.1.tlog
D:\Asia\Documents\GitHub\Pianino\szkielet\Debug\link.6008.read.1.tlog
D:\Asia\Documents\GitHub\Pianino\szkielet\Debug\link.6008.write.1.tlog
D:\Asia\Documents\GitHub\Pianino\szkielet\Debug\link.6064-cvtres.read.1.tlog
D:\Asia\Documents\GitHub\Pianino\szkielet\Debug\link.6064-cvtres.write.1.tlog
D:\Asia\Documents\GitHub\Pianino\szkielet\Debug\link.6064-rc.read.1.tlog
D:\Asia\Documents\GitHub\Pianino\szkielet\Debug\link.6064-rc.write.1.tlog
D:\Asia\Documents\GitHub\Pianino\szkielet\Debug\link.6064.read.1.tlog
D:\Asia\Documents\GitHub\Pianino\szkielet\Debug\link.6064.write.1.tlog
D:\Asia\Documents\GitHub\Pianino\szkielet\Debug\link.6152-cvtres.read.1.tlog
D:\Asia\Documents\GitHub\Pianino\szkielet\Debug\link.6152-cvtres.write.1.tlog
D:\Asia\Documents\GitHub\Pianino\szkielet\Debug\link.6152-rc.read.1.tlog
D:\Asia\Documents\GitHub\Pianino\szkielet\Debug\link.6152-rc.write.1.tlog
D:\Asia\Documents\GitHub\Pianino\szkielet\Debug\link.6152.read.1.tlog
D:\Asia\Documents\GitHub\Pianino\szkielet\Debug\link.6152.write.1.tlog
D:\Asia\Documents\GitHub\Pianino\szkielet\Debug\link.6208-cvtres.read.1.tlog
D:\Asia\Documents\GitHub\Pianino\szkielet\Debug\link.6208-cvtres.write.1.tlog
D:\Asia\Documents\GitHub\Pianino\szkielet\Debug\link.6208-rc.read.1.tlog
D:\Asia\Documents\GitHub\Pianino\szkielet\Debug\link.6208-rc.write.1.tlog
D:\Asia\Documents\GitHub\Pianino\szkielet\Debug\link.6208.read.1.tlog
D:\Asia\Documents\GitHub\Pianino\szkielet\Debug\link.6208.write.1.tlog
D:\Asia\Documents\GitHub\Pianino\szkielet\Debug\link.6228-cvtres.read.1.tlog
D:\Asia\Documents\GitHub\Pianino\szkielet\Debug\link.6228-cvtres.write.1.tlog
D:\Asia\Documents\GitHub\Pianino\szkielet\Debug\link.6228-rc.read.1.tlog
D:\Asia\Documents\GitHub\Pianino\szkielet\Debug\link.6228-rc.write.1.tlog
D:\Asia\Documents\GitHub\Pianino\szkielet\Debug\link.6228.read.1.tlog
D:\Asia\Documents\GitHub\Pianino\szkielet\Debug\link.6228.write.1.tlog
D:\Asia\Documents\GitHub\Pianino\szkielet\Debug\link.6232-cvtres.read.1.tlog
D:\Asia\Documents\GitHub\Pianino\szkielet\Debug\link.6232-cvtres.write.1.tlog
D:\Asia\Documents\GitHub\Pianino\szkielet\Debug\link.6232-rc.read.1.tlog
D:\Asia\Documents\GitHub\Pianino\szkielet\Debug\link.6232-rc.write.1.tlog
D:\Asia\Documents\GitHub\Pianino\szkielet\Debug\link.6232.read.1.tlog
D:\Asia\Documents\GitHub\Pianino\szkielet\Debug\link.6232.write.1.tlog
D:\Asia\Documents\GitHub\Pianino\szkielet\Debug\link.6236-cvtres.read.1.tlog
D:\Asia\Documents\GitHub\Pianino\szkielet\Debug\link.6236-cvtres.write.1.tlog
D:\Asia\Documents\GitHub\Pianino\szkielet\Debug\link.6236-rc.read.1.tlog
D:\Asia\Documents\GitHub\Pianino\szkielet\Debug\link.6236-rc.write.1.tlog
D:\Asia\Documents\GitHub\Pianino\szkielet\Debug\link.6236.read.1.tlog
D:\Asia\Documents\GitHub\Pianino\szkielet\Debug\link.6236.write.1.tlog
D:\Asia\Documents\GitHub\Pianino\szkielet\Debug\link.6284-cvtres.read.1.tlog
D:\Asia\Documents\GitHub\Pianino\szkielet\Debug\link.6284-cvtres.write.1.tlog
D:\Asia\Documents\GitHub\Pianino\szkielet\Debug\link.6284-rc.read.1.tlog
D:\Asia\Documents\GitHub\Pianino\szkielet\Debug\link.6284-rc.write.1.tlog
D:\Asia\Documents\GitHub\Pianino\szkielet\Debug\link.6284.read.1.tlog
D:\Asia\Documents\GitHub\Pianino\szkielet\Debug\link.6284.write.1.tlog
D:\Asia\Documents\GitHub\Pianino\szkielet\Debug\link.6288-cvtres.read.1.tlog
D:\Asia\Documents\GitHub\Pianino\szkielet\Debug\link.6288-cvtres.write.1.tlog
D:\Asia\Documents\GitHub\Pianino\szkielet\Debug\link.6288-rc.read.1.tlog
D:\Asia\Documents\GitHub\Pianino\szkielet\Debug\link.6288-rc.write.1.tlog
D:\Asia\Documents\GitHub\Pianino\szkielet\Debug\link.6288.read.1.tlog
D:\Asia\Documents\GitHub\Pianino\szkielet\Debug\link.6288.write.1.tlog
D:\Asia\Documents\GitHub\Pianino\szkielet\Debug\link.6296-cvtres.read.1.tlog
D:\Asia\Documents\GitHub\Pianino\szkielet\Debug\link.6296-cvtres.write.1.tlog
D:\Asia\Documents\GitHub\Pianino\szkielet\Debug\link.6296-rc.read.1.tlog
D:\Asia\Documents\GitHub\Pianino\szkielet\Debug\link.6296-rc.write.1.tlog
D:\Asia\Documents\GitHub\Pianino\szkielet\Debug\link.6296.read.1.tlog
D:\Asia\Documents\GitHub\Pianino\szkielet\Debug\link.6296.write.1.tlog
D:\Asia\Documents\GitHub\Pianino\szkielet\Debug\link.6336-cvtres.read.1.tlog
D:\Asia\Documents\GitHub\Pianino\szkielet\Debug\link.6336-cvtres.write.1.tlog
D:\Asia\Documents\GitHub\Pianino\szkielet\Debug\link.6336-rc.read.1.tlog
D:\Asia\Documents\GitHub\Pianino\szkielet\Debug\link.6336-rc.write.1.tlog
D:\Asia\Documents\GitHub\Pianino\szkielet\Debug\link.6336.read.1.tlog
D:\Asia\Documents\GitHub\Pianino\szkielet\Debug\link.6336.write.1.tlog
D:\Asia\Documents\GitHub\Pianino\szkielet\Debug\link.6368-cvtres.read.1.tlog
D:\Asia\Documents\GitHub\Pianino\szkielet\Debug\link.6368-cvtres.write.1.tlog
D:\Asia\Documents\GitHub\Pianino\szkielet\Debug\link.6368-rc.read.1.tlog
D:\Asia\Documents\GitHub\Pianino\szkielet\Debug\link.6368-rc.write.1.tlog
D:\Asia\Documents\GitHub\Pianino\szkielet\Debug\link.6368.read.1.tlog
D:\Asia\Documents\GitHub\Pianino\szkielet\Debug\link.6368.write.1.tlog
D:\Asia\Documents\GitHub\Pianino\szkielet\Debug\link.6372-cvtres.read.1.tlog
D:\Asia\Documents\GitHub\Pianino\szkielet\Debug\link.6372-cvtres.write.1.tlog
D:\Asia\Documents\GitHub\Pianino\szkielet\Debug\link.6372-rc.read.1.tlog
D:\Asia\Documents\GitHub\Pianino\szkielet\Debug\link.6372-rc.write.1.tlog
D:\Asia\Documents\GitHub\Pianino\szkielet\Debug\link.6372.read.1.tlog
D:\Asia\Documents\GitHub\Pianino\szkielet\Debug\link.6372.write.1.tlog
D:\Asia\Documents\GitHub\Pianino\szkielet\Debug\link.6376-cvtres.read.1.tlog
D:\Asia\Documents\GitHub\Pianino\szkielet\Debug\link.6376-cvtres.write.1.tlog
D:\Asia\Documents\GitHub\Pianino\szkielet\Debug\link.6376-rc.read.1.tlog
D:\Asia\Documents\GitHub\Pianino\szkielet\Debug\link.6376-rc.write.1.tlog
D:\Asia\Documents\GitHub\Pianino\szkielet\Debug\link.6376.read.1.tlog
D:\Asia\Documents\GitHub\Pianino\szkielet\Debug\link.6376.write.1.tlog
D:\Asia\Documents\GitHub\Pianino\szkielet\Debug\link.6384-cvtres.read.1.tlog
D:\Asia\Documents\GitHub\Pianino\szkielet\Debug\link.6384-cvtres.write.1.tlog
D:\Asia\Documents\GitHub\Pianino\szkielet\Debug\link.6384-rc.read.1.tlog
D:\Asia\Documents\GitHub\Pianino\szkielet\Debug\link.6384-rc.write.1.tlog
D:\Asia\Documents\GitHub\Pianino\szkielet\Debug\link.6384.read.1.tlog
D:\Asia\Documents\GitHub\Pianino\szkielet\Debug\link.6384.write.1.tlog
D:\Asia\Documents\GitHub\Pianino\szkielet\Debug\link.6448-cvtres.read.1.tlog
D:\Asia\Documents\GitHub\Pianino\szkielet\Debug\link.6448-cvtres.write.1.tlog
D:\Asia\Documents\GitHub\Pianino\szkielet\Debug\link.6448-rc.read.1.tlog
D:\Asia\Documents\GitHub\Pianino\szkielet\Debug\link.6448-rc.write.1.tlog
D:\Asia\Documents\GitHub\Pianino\szkielet\Debug\link.6448.read.1.tlog
D:\Asia\Documents\GitHub\Pianino\szkielet\Debug\link.6448.write.1.tlog
D:\Asia\Documents\GitHub\Pianino\szkielet\Debug\link.6476-cvtres.read.1.tlog
D:\Asia\Documents\GitHub\Pianino\szkielet\Debug\link.6476-cvtres.write.1.tlog
D:\Asia\Documents\GitHub\Pianino\szkielet\Debug\link.6476-rc.read.1.tlog
D:\Asia\Documents\GitHub\Pianino\szkielet\Debug\link.6476-rc.write.1.tlog
D:\Asia\Documents\GitHub\Pianino\szkielet\Debug\link.6476.read.1.tlog
D:\Asia\Documents\GitHub\Pianino\szkielet\Debug\link.6476.write.1.tlog
D:\Asia\Documents\GitHub\Pianino\szkielet\Debug\link.6480-cvtres.read.1.tlog
D:\Asia\Documents\GitHub\Pianino\szkielet\Debug\link.6480-cvtres.write.1.tlog
D:\Asia\Documents\GitHub\Pianino\szkielet\Debug\link.6480-rc.read.1.tlog
D:\Asia\Documents\GitHub\Pianino\szkielet\Debug\link.6480-rc.write.1.tlog
D:\Asia\Documents\GitHub\Pianino\szkielet\Debug\link.6480.read.1.tlog
D:\Asia\Documents\GitHub\Pianino\szkielet\Debug\link.6480.write.1.tlog
D:\Asia\Documents\GitHub\Pianino\szkielet\Debug\link.6504-cvtres.read.1.tlog
D:\Asia\Documents\GitHub\Pianino\szkielet\Debug\link.6504-cvtres.write.1.tlog
D:\Asia\Documents\GitHub\Pianino\szkielet\Debug\link.6504-rc.read.1.tlog
D:\Asia\Documents\GitHub\Pianino\szkielet\Debug\link.6504-rc.write.1.tlog
D:\Asia\Documents\GitHub\Pianino\szkielet\Debug\link.6504.read.1.tlog
D:\Asia\Documents\GitHub\Pianino\szkielet\Debug\link.6504.write.1.tlog
D:\Asia\Documents\GitHub\Pianino\szkielet\Debug\link.6520-cvtres.read.1.tlog
D:\Asia\Documents\GitHub\Pianino\szkielet\Debug\link.6520-cvtres.write.1.tlog
D:\Asia\Documents\GitHub\Pianino\szkielet\Debug\link.6520-rc.read.1.tlog
D:\Asia\Documents\GitHub\Pianino\szkielet\Debug\link.6520-rc.write.1.tlog
D:\Asia\Documents\GitHub\Pianino\szkielet\Debug\link.6520.read.1.tlog
D:\Asia\Documents\GitHub\Pianino\szkielet\Debug\link.6520.write.1.tlog
D:\Asia\Documents\GitHub\Pianino\szkielet\Debug\link.656-cvtres.read.1.tlog
D:\Asia\Documents\GitHub\Pianino\szkielet\Debug\link.656-cvtres.write.1.tlog
D:\Asia\Documents\GitHub\Pianino\szkielet\Debug\link.656-rc.read.1.tlog
D:\Asia\Documents\GitHub\Pianino\szkielet\Debug\link.656-rc.write.1.tlog
D:\Asia\Documents\GitHub\Pianino\szkielet\Debug\link.656.read.1.tlog
D:\Asia\Documents\GitHub\Pianino\szkielet\Debug\link.656.write.1.tlog
D:\Asia\Documents\GitHub\Pianino\szkielet\Debug\link.6564-cvtres.read.1.tlog
D:\Asia\Documents\GitHub\Pianino\szkielet\Debug\link.6564-cvtres.write.1.tlog
D:\Asia\Documents\GitHub\Pianino\szkielet\Debug\link.6564-rc.read.1.tlog
D:\Asia\Documents\GitHub\Pianino\szkielet\Debug\link.6564-rc.write.1.tlog
D:\Asia\Documents\GitHub\Pianino\szkielet\Debug\link.6564.read.1.tlog
D:\Asia\Documents\GitHub\Pianino\szkielet\Debug\link.6564.write.1.tlog
D:\Asia\Documents\GitHub\Pianino\szkielet\Debug\link.6568-cvtres.read.1.tlog
D:\Asia\Documents\GitHub\Pianino\szkielet\Debug\link.6568-cvtres.write.1.tlog
D:\Asia\Documents\GitHub\Pianino\szkielet\Debug\link.6568-rc.read.1.tlog
D:\Asia\Documents\GitHub\Pianino\szkielet\Debug\link.6568-rc.write.1.tlog
D:\Asia\Documents\GitHub\Pianino\szkielet\Debug\link.6568.read.1.tlog
D:\Asia\Documents\GitHub\Pianino\szkielet\Debug\link.6568.write.1.tlog
D:\Asia\Documents\GitHub\Pianino\szkielet\Debug\link.6584-cvtres.read.1.tlog
D:\Asia\Documents\GitHub\Pianino\szkielet\Debug\link.6584-cvtres.write.1.tlog
D:\Asia\Documents\GitHub\Pianino\szkielet\Debug\link.6584-rc.read.1.tlog
D:\Asia\Documents\GitHub\Pianino\szkielet\Debug\link.6584-rc.write.1.tlog
D:\Asia\Documents\GitHub\Pianino\szkielet\Debug\link.6584.read.1.tlog
D:\Asia\Documents\GitHub\Pianino\szkielet\Debug\link.6584.write.1.tlog
D:\Asia\Documents\GitHub\Pianino\szkielet\Debug\link.6672-cvtres.read.1.tlog
D:\Asia\Documents\GitHub\Pianino\szkielet\Debug\link.6672-cvtres.write.1.tlog
D:\Asia\Documents\GitHub\Pianino\szkielet\Debug\link.6672-rc.read.1.tlog
D:\Asia\Documents\GitHub\Pianino\szkielet\Debug\link.6672-rc.write.1.tlog
D:\Asia\Documents\GitHub\Pianino\szkielet\Debug\link.6672.read.1.tlog
D:\Asia\Documents\GitHub\Pianino\szkielet\Debug\link.6672.write.1.tlog
D:\Asia\Documents\GitHub\Pianino\szkielet\Debug\link.6680-cvtres.read.1.tlog
D:\Asia\Documents\GitHub\Pianino\szkielet\Debug\link.6680-cvtres.write.1.tlog
D:\Asia\Documents\GitHub\Pianino\szkielet\Debug\link.6680-rc.read.1.tlog
D:\Asia\Documents\GitHub\Pianino\szkielet\Debug\link.6680-rc.write.1.tlog
D:\Asia\Documents\GitHub\Pianino\szkielet\Debug\link.6680.read.1.tlog
D:\Asia\Documents\GitHub\Pianino\szkielet\Debug\link.6680.write.1.tlog
D:\Asia\Documents\GitHub\Pianino\szkielet\Debug\link.6772-cvtres.read.1.tlog
D:\Asia\Documents\GitHub\Pianino\szkielet\Debug\link.6772-cvtres.write.1.tlog
D:\Asia\Documents\GitHub\Pianino\szkielet\Debug\link.6772-rc.read.1.tlog
D:\Asia\Documents\GitHub\Pianino\szkielet\Debug\link.6772-rc.write.1.tlog
D:\Asia\Documents\GitHub\Pianino\szkielet\Debug\link.6772.read.1.tlog
D:\Asia\Documents\GitHub\Pianino\szkielet\Debug\link.6772.write.1.tlog
D:\Asia\Documents\GitHub\Pianino\szkielet\Debug\link.6788-cvtres.read.1.tlog
D:\Asia\Documents\GitHub\Pianino\szkielet\Debug\link.6788-cvtres.write.1.tlog
D:\Asia\Documents\GitHub\Pianino\szkielet\Debug\link.6788-rc.read.1.tlog
D:\Asia\Documents\GitHub\Pianino\szkielet\Debug\link.6788-rc.write.1.tlog
D:\Asia\Documents\GitHub\Pianino\szkielet\Debug\link.6788.read.1.tlog
D:\Asia\Documents\GitHub\Pianino\szkielet\Debug\link.6788.write.1.tlog
D:\Asia\Documents\GitHub\Pianino\szkielet\Debug\link.6820-cvtres.read.1.tlog
D:\Asia\Documents\GitHub\Pianino\szkielet\Debug\link.6820-cvtres.write.1.tlog
D:\Asia\Documents\GitHub\Pianino\szkielet\Debug\link.6820-rc.read.1.tlog
D:\Asia\Documents\GitHub\Pianino\szkielet\Debug\link.6820-rc.write.1.tlog
D:\Asia\Documents\GitHub\Pianino\szkielet\Debug\link.6820.read.1.tlog
D:\Asia\Documents\GitHub\Pianino\szkielet\Debug\link.6820.write.1.tlog
D:\Asia\Documents\GitHub\Pianino\szkielet\Debug\link.6824-cvtres.read.1.tlog
D:\Asia\Documents\GitHub\Pianino\szkielet\Debug\link.6824-cvtres.write.1.tlog
D:\Asia\Documents\GitHub\Pianino\szkielet\Debug\link.6824-rc.read.1.tlog
D:\Asia\Documents\GitHub\Pianino\szkielet\Debug\link.6824-rc.write.1.tlog
D:\Asia\Documents\GitHub\Pianino\szkielet\Debug\link.6824.read.1.tlog
D:\Asia\Documents\GitHub\Pianino\szkielet\Debug\link.6824.write.1.tlog
D:\Asia\Documents\GitHub\Pianino\szkielet\Debug\link.7000-cvtres.read.1.tlog
D:\Asia\Documents\GitHub\Pianino\szkielet\Debug\link.7000-cvtres.write.1.tlog
D:\Asia\Documents\GitHub\Pianino\szkielet\Debug\link.7000-rc.read.1.tlog
D:\Asia\Documents\GitHub\Pianino\szkielet\Debug\link.7000-rc.write.1.tlog
D:\Asia\Documents\GitHub\Pianino\szkielet\Debug\link.7000.read.1.tlog
D:\Asia\Documents\GitHub\Pianino\szkielet\Debug\link.7000.write.1.tlog
D:\Asia\Documents\GitHub\Pianino\szkielet\Debug\link.7008-cvtres.read.1.tlog
D:\Asia\Documents\GitHub\Pianino\szkielet\Debug\link.7008-cvtres.write.1.tlog
D:\Asia\Documents\GitHub\Pianino\szkielet\Debug\link.7008-rc.read.1.tlog
D:\Asia\Documents\GitHub\Pianino\szkielet\Debug\link.7008-rc.write.1.tlog
D:\Asia\Documents\GitHub\Pianino\szkielet\Debug\link.7008.read.1.tlog
D:\Asia\Documents\GitHub\Pianino\szkielet\Debug\link.7008.write.1.tlog
D:\Asia\Documents\GitHub\Pianino\szkielet\Debug\link.7088-cvtres.read.1.tlog
D:\Asia\Documents\GitHub\Pianino\szkielet\Debug\link.7088-cvtres.write.1.tlog
D:\Asia\Documents\GitHub\Pianino\szkielet\Debug\link.7088-rc.read.1.tlog
D:\Asia\Documents\GitHub\Pianino\szkielet\Debug\link.7088-rc.write.1.tlog
D:\Asia\Documents\GitHub\Pianino\szkielet\Debug\link.7088.read.1.tlog
D:\Asia\Documents\GitHub\Pianino\szkielet\Debug\link.7088.write.1.tlog
D:\Asia\Documents\GitHub\Pianino\szkielet\Debug\link.7100-cvtres.read.1.tlog
D:\Asia\Documents\GitHub\Pianino\szkielet\Debug\link.7100-cvtres.write.1.tlog
D:\Asia\Documents\GitHub\Pianino\szkielet\Debug\link.7100-rc.read.1.tlog
D:\Asia\Documents\GitHub\Pianino\szkielet\Debug\link.7100-rc.write.1.tlog
D:\Asia\Documents\GitHub\Pianino\szkielet\Debug\link.7100.read.1.tlog
D:\Asia\Documents\GitHub\Pianino\szkielet\Debug\link.7100.write.1.tlog
D:\Asia\Documents\GitHub\Pianino\szkielet\Debug\link.7444-cvtres.read.1.tlog
D:\Asia\Documents\GitHub\Pianino\szkielet\Debug\link.7444-cvtres.write.1.tlog
D:\Asia\Documents\GitHub\Pianino\szkielet\Debug\link.7444-rc.read.1.tlog
D:\Asia\Documents\GitHub\Pianino\szkielet\Debug\link.7444-rc.write.1.tlog
D:\Asia\Documents\GitHub\Pianino\szkielet\Debug\link.7444.read.1.tlog
D:\Asia\Documents\GitHub\Pianino\szkielet\Debug\link.7444.write.1.tlog
D:\Asia\Documents\GitHub\Pianino\szkielet\Debug\link.7524-cvtres.read.1.tlog
D:\Asia\Documents\GitHub\Pianino\szkielet\Debug\link.7524-cvtres.write.1.tlog
D:\Asia\Documents\GitHub\Pianino\szkielet\Debug\link.7524-rc.read.1.tlog
D:\Asia\Documents\GitHub\Pianino\szkielet\Debug\link.7524-rc.write.1.tlog
D:\Asia\Documents\GitHub\Pianino\szkielet\Debug\link.7524.read.1.tlog
D:\Asia\Documents\GitHub\Pianino\szkielet\Debug\link.7524.write.1.tlog
D:\Asia\Documents\GitHub\Pianino\szkielet\Debug\link.8180-cvtres.read.1.tlog
D:\Asia\Documents\GitHub\Pianino\szkielet\Debug\link.8180-cvtres.write.1.tlog
D:\Asia\Documents\GitHub\Pianino\szkielet\Debug\link.8180-rc.read.1.tlog
D:\Asia\Documents\GitHub\Pianino\szkielet\Debug\link.8180-rc.write.1.tlog
D:\Asia\Documents\GitHub\Pianino\szkielet\Debug\link.8180.read.1.tlog
D:\Asia\Documents\GitHub\Pianino\szkielet\Debug\link.8180.write.1.tlog
D:\Asia\Documents\GitHub\Pianino\szkielet\Debug\link.984-cvtres.read.1.tlog
D:\Asia\Documents\GitHub\Pianino\szkielet\Debug\link.984-cvtres.write.1.tlog
D:\Asia\Documents\GitHub\Pianino\szkielet\Debug\link.984-rc.read.1.tlog
D:\Asia\Documents\GitHub\Pianino\szkielet\Debug\link.984-rc.write.1.tlog
D:\Asia\Documents\GitHub\Pianino\szkielet\Debug\link.984.read.1.tlog
D:\Asia\Documents\GitHub\Pianino\szkielet\Debug\link.984.write.1.tlog
D:\Asia\Documents\GitHub\Pianino\szkielet\Debug\link.command.1.tlog
D:\Asia\Documents\GitHub\Pianino\szkielet\Debug\link.read.1.tlog
D:\Asia\Documents\GitHub\Pianino\szkielet\Debug\link.write.1.tlog
D:\Asia\Documents\GitHub\Pianino\szkielet\Debug\vc110.idb
D:\Asia\Documents\GitHub\Pianino\szkielet\Debug\szkielet.pdb
D:\Asia\Documents\GitHub\Pianino\szkielet\Debug\vc110.pdb
D:\Asia\Documents\GitHub\Pianino\szkielet\Debug\szkielet.exe
